{"name": "test_open_spo_page", "status": "broken", "statusDetails": {"message": "selenium.common.exceptions.TimeoutException: Message: \nStacktrace:\n\tGetHandleVerifier [0x00007FF6B9337012+3522402]\n\t(No symbol) [0x00007FF6B8F58352]\n\t(No symbol) [0x00007FF6B8E05ABB]\n\t(No symbol) [0x00007FF6B8E4BF0E]\n\t(No symbol) [0x00007FF6B8E4C08C]\n\t(No symbol) [0x00007FF6B8E8E437]\n\t(No symbol) [0x00007FF6B8E6F09F]\n\t(No symbol) [0x00007FF6B8E8BDA3]\n\t(No symbol) [0x00007FF6B8E6EE03]\n\t(No symbol) [0x00007FF6B8E3F4D4]\n\t(No symbol) [0x00007FF6B8E405F1]\n\tGetHandleVerifier [0x00007FF6B9369B9D+3730157]\n\tGetHandleVerifier [0x00007FF6B93BF02D+4079485]\n\tGetHandleVerifier [0x00007FF6B93B75D3+4048163]\n\tGetHandleVerifier [0x00007FF6B908A649+718233]\n\t(No symbol) [0x00007FF6B8F64A3F]\n\t(No symbol) [0x00007FF6B8F5FA94]\n\t(No symbol) [0x00007FF6B8F5FBC2]\n\t(No symbol) [0x00007FF6B8F4F2E4]\n\tBaseThreadInitThunk [0x00007FFF37467344+20]\n\tRtlUserThreadStart [0x00007FFF38E826B1+33]", "trace": "set_up = None\n\n    @allure.description('Открытие страницы \"Учебный план\"')\n    def test_open_spo_page(set_up):\n        options = webdriver.ChromeOptions()\n        options.add_experimental_option(\"detach\", True)\n        g = Service()\n        driver = webdriver.Chrome(options=options, service=g)\n        options.add_argument('--ignore-certificate-errors')\n        options.add_argument('--ignore-ssl-errors')\n        options.add_experimental_option('excludeSwitches', ['enable-logging'])\n    \n        ap = AuthorizationPage(driver)\n>       ap.authorization()\n\ntests\\test_open_spo_page.py:23: \n_ _ _ _ _ _ _ _ _ _ _ _ _ _ _ _ _ _ _ _ _ _ _ _ _ _ _ _ _ _ _ _ _ _ _ _ _ _ _ _ _ _ _ _ _ _ _ _ _ _ _ _ _ \npages\\authorization_page.py:57: in authorization\n    self.send_input_login('sysadmin')\npages\\authorization_page.py:38: in send_input_login\n    self.get_input_login().send_keys(text)\npages\\authorization_page.py:28: in get_input_login\n    return WebDriverWait(self.driver, 30).until(EC.element_to_be_clickable((By.XPATH, self.input_login)))\n_ _ _ _ _ _ _ _ _ _ _ _ _ _ _ _ _ _ _ _ _ _ _ _ _ _ _ _ _ _ _ _ _ _ _ _ _ _ _ _ _ _ _ _ _ _ _ _ _ _ _ _ _ \n\nself = <selenium.webdriver.support.wait.WebDriverWait (session=\"449a3cf2b56d364616b58423d986c777\")>\nmethod = <function element_to_be_clickable.<locals>._predicate at 0x000001B392D66C00>, message = ''\n\n    def until(self, method: Callable[[D], Union[Literal[False], T]], message: str = \"\") -> T:\n        \"\"\"Calls the method provided with the driver as an argument until the \\\n        return value does not evaluate to ``False``.\n    \n        :param method: callable(WebDriver)\n        :param message: optional message for :exc:`TimeoutException`\n        :returns: the result of the last call to `method`\n        :raises: :exc:`selenium.common.exceptions.TimeoutException` if timeout occurs\n        \"\"\"\n        screen = None\n        stacktrace = None\n    \n        end_time = time.monotonic() + self._timeout\n        while True:\n            try:\n                value = method(self._driver)\n                if value:\n                    return value\n            except self._ignored_exceptions as exc:\n                screen = getattr(exc, \"screen\", None)\n                stacktrace = getattr(exc, \"stacktrace\", None)\n            time.sleep(self._poll)\n            if time.monotonic() > end_time:\n                break\n>       raise TimeoutException(message, screen, stacktrace)\nE       selenium.common.exceptions.TimeoutException: Message: \nE       Stacktrace:\nE       \tGetHandleVerifier [0x00007FF6B9337012+3522402]\nE       \t(No symbol) [0x00007FF6B8F58352]\nE       \t(No symbol) [0x00007FF6B8E05ABB]\nE       \t(No symbol) [0x00007FF6B8E4BF0E]\nE       \t(No symbol) [0x00007FF6B8E4C08C]\nE       \t(No symbol) [0x00007FF6B8E8E437]\nE       \t(No symbol) [0x00007FF6B8E6F09F]\nE       \t(No symbol) [0x00007FF6B8E8BDA3]\nE       \t(No symbol) [0x00007FF6B8E6EE03]\nE       \t(No symbol) [0x00007FF6B8E3F4D4]\nE       \t(No symbol) [0x00007FF6B8E405F1]\nE       \tGetHandleVerifier [0x00007FF6B9369B9D+3730157]\nE       \tGetHandleVerifier [0x00007FF6B93BF02D+4079485]\nE       \tGetHandleVerifier [0x00007FF6B93B75D3+4048163]\nE       \tGetHandleVerifier [0x00007FF6B908A649+718233]\nE       \t(No symbol) [0x00007FF6B8F64A3F]\nE       \t(No symbol) [0x00007FF6B8F5FA94]\nE       \t(No symbol) [0x00007FF6B8F5FBC2]\nE       \t(No symbol) [0x00007FF6B8F4F2E4]\nE       \tBaseThreadInitThunk [0x00007FFF37467344+20]\nE       \tRtlUserThreadStart [0x00007FFF38E826B1+33]\n\n..\\..\\AppData\\Local\\Programs\\Python\\Python312\\Lib\\site-packages\\selenium\\webdriver\\support\\wait.py:105: TimeoutException"}, "description": "Открытие страницы \"Учебный план\"", "steps": [{"name": "Авторизация на сайте", "status": "broken", "statusDetails": {"message": "selenium.common.exceptions.TimeoutException: Message: \nStacktrace:\n\tGetHandleVerifier [0x00007FF6B9337012+3522402]\n\t(No symbol) [0x00007FF6B8F58352]\n\t(No symbol) [0x00007FF6B8E05ABB]\n\t(No symbol) [0x00007FF6B8E4BF0E]\n\t(No symbol) [0x00007FF6B8E4C08C]\n\t(No symbol) [0x00007FF6B8E8E437]\n\t(No symbol) [0x00007FF6B8E6F09F]\n\t(No symbol) [0x00007FF6B8E8BDA3]\n\t(No symbol) [0x00007FF6B8E6EE03]\n\t(No symbol) [0x00007FF6B8E3F4D4]\n\t(No symbol) [0x00007FF6B8E405F1]\n\tGetHandleVerifier [0x00007FF6B9369B9D+3730157]\n\tGetHandleVerifier [0x00007FF6B93BF02D+4079485]\n\tGetHandleVerifier [0x00007FF6B93B75D3+4048163]\n\tGetHandleVerifier [0x00007FF6B908A649+718233]\n\t(No symbol) [0x00007FF6B8F64A3F]\n\t(No symbol) [0x00007FF6B8F5FA94]\n\t(No symbol) [0x00007FF6B8F5FBC2]\n\t(No symbol) [0x00007FF6B8F4F2E4]\n\tBaseThreadInitThunk [0x00007FFF37467344+20]\n\tRtlUserThreadStart [0x00007FFF38E826B1+33]\n\n", "trace": "  File \"C:\\Users\\Tester\\SPO_testing\\SPO_testing\\pages\\authorization_page.py\", line 57, in authorization\n    self.send_input_login('sysadmin')\n  File \"C:\\Users\\Tester\\SPO_testing\\SPO_testing\\pages\\authorization_page.py\", line 38, in send_input_login\n    self.get_input_login().send_keys(text)\n    ^^^^^^^^^^^^^^^^^^^^^^\n  File \"C:\\Users\\Tester\\SPO_testing\\SPO_testing\\pages\\authorization_page.py\", line 28, in get_input_login\n    return WebDriverWait(self.driver, 30).until(EC.element_to_be_clickable((By.XPATH, self.input_login)))\n           ^^^^^^^^^^^^^^^^^^^^^^^^^^^^^^^^^^^^^^^^^^^^^^^^^^^^^^^^^^^^^^^^^^^^^^^^^^^^^^^^^^^^^^^^^^^^^^\n  File \"C:\\Users\\Tester\\AppData\\Local\\Programs\\Python\\Python312\\Lib\\site-packages\\selenium\\webdriver\\support\\wait.py\", line 105, in until\n    raise TimeoutException(message, screen, stacktrace)\n"}, "start": 1709295294599, "stop": 1709295326521}], "attachments": [{"name": "stdout", "source": "ebc5f915-826c-45ad-8842-6f1ea8bc2ad9-attachment.txt", "type": "text/plain"}], "start": 1709295293159, "stop": 1709295326537, "uuid": "1ee80307-4e06-46f4-8bc1-7d1ebec96cf6", "historyId": "2c1f76b116091ee86d4b0bc80da22e88", "testCaseId": "2c1f76b116091ee86d4b0bc80da22e88", "fullName": "tests.test_open_spo_page#test_open_spo_page", "labels": [{"name": "parentSuite", "value": "tests"}, {"name": "suite", "value": "test_open_spo_page"}, {"name": "host", "value": "DESKTOP-8BUPK7G"}, {"name": "thread", "value": "18040-MainThread"}, {"name": "framework", "value": "pytest"}, {"name": "language", "value": "cpython3"}, {"name": "package", "value": "tests.test_open_spo_page"}]}